C51 COMPILER V9.60.0.0   PRACTICAL01                                                       12/01/2022 13:08:42 PAGE 1   


C51 COMPILER V9.60.0.0, COMPILATION OF MODULE PRACTICAL01
OBJECT MODULE PLACED IN .\Objects\practical01.obj
COMPILER INVOKED BY: C:\Keil_v5\C51\BIN\C51.exe practical01.c OPTIMIZE(8,SPEED) BROWSE DEBUG OBJECTEXTEND PRINT(.\Listin
                    -gs\practical01.lst) TABS(2) OBJECT(.\Objects\practical01.obj)

line level    source

   1          #include <reg51.h>
   2          void T0Delay(void);
   3          void main(void)
   4          {
   5   1        while(1)
   6   1        {
   7   2          P1 = 0xFF;
   8   2          T0Delay();
   9   2          P1 = 0x00;
  10   2          T0Delay();
  11   2        }
  12   1      }
  13          void T0Delay()
  14          {
  15   1        TMOD = 0x01;
  16   1        
  17   1        TL0 = 0xFC;
  18   1        TH0 = 0x65;
  19   1        TR0 = 1;
  20   1        while (TF0 == 0);
  21   1        TR0 = 0;
  22   1        TF0 = 0;
  23   1      }


MODULE INFORMATION:   STATIC OVERLAYABLE
   CODE SIZE        =     33    ----
   CONSTANT SIZE    =   ----    ----
   XDATA SIZE       =   ----    ----
   PDATA SIZE       =   ----    ----
   DATA SIZE        =   ----    ----
   IDATA SIZE       =   ----    ----
   BIT SIZE         =   ----    ----
END OF MODULE INFORMATION.


C51 COMPILATION COMPLETE.  0 WARNING(S),  0 ERROR(S)
